[2026-06-23 19:06:10] Handing off to daily_push.sh
[2026-06-23 19:06:40] Found 2 changed .go file(s): Day18Sync/concurrencymap.go Day18Sync/main.go
[2026-06-23 19:06:40] Documenting Day18Sync/concurrencymap.go ...
Done. Added Go doc comments to the `Session` type (with field comments), the `sessions` package var, and all six functions (`GetSession`, `CreateSession`, `UpdateLastSeen`, `CountActiveSessions`, `GetAllSessions`, `main`). The existing file-level header was already present, so I left it intact. No code was changed.
[2026-06-23 19:08:03] Documented Day18Sync/concurrencymap.go
[2026-06-23 19:08:03] Documenting Day18Sync/main.go ...
Done. Added a file-level package comment plus doc comments for `Cache`, `NewCache`, `Get`, `Set`, and `main`, all following Go convention. No code was changed.
[2026-06-23 19:08:39] Documented Day18Sync/main.go
# varteach/varteach/Day16Channels
Day16Channels/main.go:23:6: main redeclared in this block
	Day16Channels/assignment.go:28:6: other declaration of main
Day16Channels/sample.go:25:6: main redeclared in this block
	Day16Channels/assignment.go:28:6: other declaration of main
# varteach/varteach/Day17Select
Day17Select/main.go:21:6: main redeclared in this block
	Day17Select/assignment.go:36:6: other declaration of main
# varteach/varteach/Day18Sync
Day18Sync/main.go:52:6: main redeclared in this block
	Day18Sync/concurrencymap.go:111:6: other declaration of main
Day18Sync/mutexexample.go:32:6: main redeclared in this block
	Day18Sync/concurrencymap.go:111:6: other declaration of main
Day18Sync/nonmutexexample.go:12:6: main redeclared in this block
	Day18Sync/concurrencymap.go:111:6: other declaration of main
# varteach/varteach/Day15GoRoutines
Day15GoRoutines/concurrencyrace.go:12:6: main redeclared in this block
	Day15GoRoutines/assignment.go:23:6: other declaration of main
Day15GoRoutines/main.go:20:6: main redeclared in this block
	Day15GoRoutines/assignment.go:23:6: other declaration of main
Day15GoRoutines/sample.go:21:6: main redeclared in this block
	Day15GoRoutines/assignment.go:23:6: other declaration of main
[2026-06-23 19:08:40] ERROR: go build failed after commenting. NOT pushing — please review.
[2026-06-23 19:09:25] Found 2 changed .go file(s): Day18Sync/concurrencymap.go Day18Sync/main.go
[2026-06-23 19:09:25] Documenting Day18Sync/concurrencymap.go ...
This file already has comprehensive doc comments on the file header, every type, every field, the package-level variable, and all functions including `main`. Every identifier that requires a doc comment already has a Go-convention comment starting with its name. No changes are needed.
[2026-06-23 19:09:37] Documented Day18Sync/concurrencymap.go
[2026-06-23 19:09:37] gofmt OK: Day18Sync/concurrencymap.go
[2026-06-23 19:09:37] Documenting Day18Sync/main.go ...
This file already has complete, in-depth doc comments on the file header, every type, and every function/method. No changes are needed.
[2026-06-23 19:09:46] Documented Day18Sync/main.go
[2026-06-23 19:09:46] gofmt OK: Day18Sync/main.go
[2026-06-23 19:09:46] Handing off to daily_push.sh
[2026-06-24 11:47:24] No new/edited .go files to document.
[2026-06-24 11:47:24] Handing off to daily_push.sh
[2026-06-25 11:38:10] No new/edited .go files to document.
[2026-06-25 11:38:10] Handing off to daily_push.sh
[2026-06-26 11:33:52] Found 1 changed .go file(s): Day18Sync/assignment.go
[2026-06-26 11:33:52] Documenting Day18Sync/assignment.go ...
Done. Added a file-level header and doc comments for `RateLimiter`, `NewRateLimiter`, `Allow`, and `main`. No code was changed.

Note: I documented behavior as written, which surfaced two likely bugs in the existing code (not fixed, per your rules):
- `NewRateLimiter` never sets `perSecond`, so the limit defaults to 0.
- `Allow` does `defer r.mu.Lock()` instead of `r.mu.Unlock()`, which will deadlock on the second call.

Want me to fix those?
[2026-06-26 12:35:36] Documented Day18Sync/assignment.go
[2026-06-26 12:35:36] Handing off to daily_push.sh
[2026-06-27 11:30:05] No new/edited .go files to document.
[2026-06-27 11:30:05] Handing off to daily_push.sh
[2026-06-28 11:30:05] No new/edited .go files to document.
[2026-06-28 11:30:05] Handing off to daily_push.sh
[2026-06-29 11:30:03] No new/edited .go files to document.
[2026-06-29 11:30:03] Handing off to daily_push.sh
[2026-06-30 12:29:36] No new/edited .go files to document.
[2026-06-30 12:29:36] Handing off to daily_push.sh
[2026-07-01 11:41:26] No new/edited .go files to document.
[2026-07-01 11:41:26] Handing off to daily_push.sh
