
⚠️  The following .go files are missing a file-level comment:

   • Day18Sync/main.go

Add a // comment block above the 'package' line explaining what the file does.
To skip this check (not recommended): git commit --no-verify

Everything up-to-date
[2026-06-23 19:06:10] Successfully pushed daily changes.
[main 2541c65] Daily update: 2026-06-23
 5 files changed, 321 insertions(+), 52 deletions(-)
 create mode 100644 Day18Sync/main.go
 create mode 100644 scripts/comment_and_push.log
 create mode 100755 scripts/comment_and_push.sh
 create mode 100644 scripts/daily_push.log
To https://github.com/dkMonke/GoPrograms.git
   7ca1fb9..2541c65  main -> main
[2026-06-23 19:09:46] Successfully pushed daily changes.
[main 46dcf61] Daily update: 2026-06-24
 2 files changed, 2 insertions(+)
 create mode 100644 scripts/daily_push_error.log
To https://github.com/dkMonke/GoPrograms.git
   1250a36..46dcf61  main -> main
[2026-06-24 11:47:24] Successfully pushed daily changes.
